<?xml version="1.0" encoding="UTF-8"?>
<testsuite name="Cucumber" time="43.332" tests="1" skipped="0" failures="1" errors="0">
<testcase classname="Search Charging Stations" name="Navigate to SRS website and search for charging stations" time="42.937">
<failure type="org.openqa.selenium.StaleElementReferenceException" message="stale element reference: stale element not found
  (Session info: chrome=114.0.5735.90)
For documentation on this error, please visit: https://selenium.dev/exceptions/#stale_element_reference
Build info: version: '4.9.1', revision: 'eb2032df7f'
System info: os.name: 'Windows 10', os.arch: 'amd64', os.version: '10.0', java.version: '20.0.1'
Driver info: org.openqa.selenium.chrome.ChromeDriver
Command: [4b56a5fdabdde9f7c8949411f0c22070, clickElement {id=4CF52DE24962FFDBDC062A96094ABA32_element_840}]
Capabilities {acceptInsecureCerts: false, browserName: chrome, browserVersion: 114.0.5735.90, chrome: {chromedriverVersion: 114.0.5735.90 (386bc09e8f4f..., userDataDir: C:\Users\REKHAG~1\AppData\L...}, goog:chromeOptions: {debuggerAddress: localhost:51244}, networkConnectionEnabled: false, pageLoadStrategy: normal, platformName: windows, proxy: Proxy(), se:cdp: ws://localhost:51244/devtoo..., se:cdpVersion: 114.0.5735.90, setWindowRect: true, strictFileInteractability: false, timeouts: {implicit: 0, pageLoad: 300000, script: 30000}, unhandledPromptBehavior: dismiss and notify, webauthn:extension:credBlob: true, webauthn:extension:largeBlob: true, webauthn:extension:minPinLength: true, webauthn:extension:prf: true, webauthn:virtualAuthenticators: true}
Element: [[ChromeDriver: chrome on windows (4b56a5fdabdde9f7c8949411f0c22070)] -&gt; xpath: //span[contains(text(),'GBCPIL6500825')]]
Session ID: 4b56a5fdabdde9f7c8949411f0c22070">
<![CDATA[org.openqa.selenium.StaleElementReferenceException: stale element reference: stale element not found
  (Session info: chrome=114.0.5735.90)
For documentation on this error, please visit: https://selenium.dev/exceptions/#stale_element_reference
Build info: version: '4.9.1', revision: 'eb2032df7f'
System info: os.name: 'Windows 10', os.arch: 'amd64', os.version: '10.0', java.version: '20.0.1'
Driver info: org.openqa.selenium.chrome.ChromeDriver
Command: [4b56a5fdabdde9f7c8949411f0c22070, clickElement {id=4CF52DE24962FFDBDC062A96094ABA32_element_840}]
Capabilities {acceptInsecureCerts: false, browserName: chrome, browserVersion: 114.0.5735.90, chrome: {chromedriverVersion: 114.0.5735.90 (386bc09e8f4f..., userDataDir: C:\Users\REKHAG~1\AppData\L...}, goog:chromeOptions: {debuggerAddress: localhost:51244}, networkConnectionEnabled: false, pageLoadStrategy: normal, platformName: windows, proxy: Proxy(), se:cdp: ws://localhost:51244/devtoo..., se:cdpVersion: 114.0.5735.90, setWindowRect: true, strictFileInteractability: false, timeouts: {implicit: 0, pageLoad: 300000, script: 30000}, unhandledPromptBehavior: dismiss and notify, webauthn:extension:credBlob: true, webauthn:extension:largeBlob: true, webauthn:extension:minPinLength: true, webauthn:extension:prf: true, webauthn:virtualAuthenticators: true}
Element: [[ChromeDriver: chrome on windows (4b56a5fdabdde9f7c8949411f0c22070)] -> xpath: //span[contains(text(),'GBCPIL6500825')]]
Session ID: 4b56a5fdabdde9f7c8949411f0c22070
	at java.base/jdk.internal.reflect.DirectConstructorHandleAccessor.newInstance(DirectConstructorHandleAccessor.java:67)
	at java.base/java.lang.reflect.Constructor.newInstanceWithCaller(Constructor.java:500)
	at java.base/java.lang.reflect.Constructor.newInstance(Constructor.java:484)
	at org.openqa.selenium.remote.codec.w3c.W3CHttpResponseCodec.createException(W3CHttpResponseCodec.java:200)
	at org.openqa.selenium.remote.codec.w3c.W3CHttpResponseCodec.decode(W3CHttpResponseCodec.java:133)
	at org.openqa.selenium.remote.codec.w3c.W3CHttpResponseCodec.decode(W3CHttpResponseCodec.java:53)
	at org.openqa.selenium.remote.HttpCommandExecutor.execute(HttpCommandExecutor.java:193)
	at org.openqa.selenium.remote.service.DriverCommandExecutor.invokeExecute(DriverCommandExecutor.java:183)
	at org.openqa.selenium.remote.service.DriverCommandExecutor.execute(DriverCommandExecutor.java:158)
	at org.openqa.selenium.remote.RemoteWebDriver.execute(RemoteWebDriver.java:543)
	at org.openqa.selenium.remote.RemoteWebElement.execute(RemoteWebElement.java:257)
	at org.openqa.selenium.remote.RemoteWebElement.click(RemoteWebElement.java:78)
	at java.base/jdk.internal.reflect.DirectMethodHandleAccessor.invoke(DirectMethodHandleAccessor.java:104)
	at java.base/java.lang.reflect.Method.invoke(Method.java:578)
	at org.openqa.selenium.support.pagefactory.internal.LocatingElementHandler.invoke(LocatingElementHandler.java:52)
	at jdk.proxy2/jdk.proxy2.$Proxy30.click(Unknown Source)
	at pages.MyAccount.EnterChargePointID(MyAccount.java:71)
	at steps.MyAccountPage.switchSearchtoChargePointId(MyAccountPage.java:28)
	at âœ½.Search by Charge Point ID(file:///C:/Users/Rekha%20Gummireddy/Downloads/SRS_Test/src/test/java/features/SRSTest.feature:17)
]]>
</failure>
<system-out><![CDATA[
Given I am on the home page.................................................passed
Then Accept all cookies if presented........................................passed
Then Select Required Country................................................passed
Then Click on My Account....................................................passed
Then Change to new Tab......................................................passed
And Validate Page Title.....................................................passed
Then Switch to map frame....................................................passed
Then Search by Location.....................................................passed
Then Search by Charge Point ID..............................................failed
]]></system-out>
</testcase>
</testsuite>
